\BOOKMARK [1][-]{section.1}{A preview of unstable vs stable homotopy theory}{}% 1
\BOOKMARK [2][-]{subsection.1.1}{From spaces to spectra}{section.1}% 2
\BOOKMARK [2][-]{subsection.1.2}{Why should we care about spectra?}{section.1}% 3
\BOOKMARK [2][-]{subsection.1.3}{Some references}{section.1}% 4
\BOOKMARK [1][-]{section.2}{The category of spaces}{}% 5
\BOOKMARK [2][-]{subsection.2.1}{Category theory review}{section.2}% 6
\BOOKMARK [2][-]{subsection.2.2}{Adjoint pairs of functors}{section.2}% 7
\BOOKMARK [2][-]{subsection.2.3}{A convenient category of spaces}{section.2}% 8
\BOOKMARK [2][-]{subsection.2.4}{Limits and colimits in categories}{section.2}% 9
\BOOKMARK [2][-]{subsection.2.5}{Existence of limits and colimits in Top}{section.2}% 10
\BOOKMARK [2][-]{subsection.2.6}{The category of based topological spaces}{section.2}% 11
\BOOKMARK [1][-]{section.3}{Higher homotopy groups}{}% 12
\BOOKMARK [2][-]{subsection.3.1}{Homotopies}{section.3}% 13
\BOOKMARK [2][-]{subsection.3.2}{The homotopy category of spaces}{section.3}% 14
\BOOKMARK [2][-]{subsection.3.3}{Higher homotopy groups}{section.3}% 15
\BOOKMARK [2][-]{subsection.3.4}{Dependence of pik on the basepoint}{section.3}% 16
\BOOKMARK [2][-]{subsection.3.5}{Weak homotopy equivalence}{section.3}% 17
\BOOKMARK [1][-]{section.4}{Cofibrations and fibrations}{}% 18
\BOOKMARK [2][-]{subsection.4.1}{Cofibrations}{section.4}% 19
\BOOKMARK [2][-]{subsection.4.2}{Replacing maps by cofibrations}{section.4}% 20
\BOOKMARK [2][-]{subsection.4.3}{Criterion for a map to be a cofibration}{section.4}% 21
\BOOKMARK [2][-]{subsection.4.4}{Based cofibrations}{section.4}% 22
\BOOKMARK [2][-]{subsection.4.5}{Fibrations}{section.4}% 23
\BOOKMARK [2][-]{subsection.4.6}{Path lifting functions}{section.4}% 24
\BOOKMARK [2][-]{subsection.4.7}{Long exact sequence for fibrations}{section.4}% 25
\BOOKMARK [2][-]{subsection.4.8}{Path-loop fibration.}{section.4}% 26
\BOOKMARK [2][-]{subsection.4.9}{Replacing a map by a fibration}{section.4}% 27
\BOOKMARK [2][-]{subsection.4.10}{Long exact sequence in relative homotopy groups}{section.4}% 28
\BOOKMARK [1][-]{section.5}{Fiber and cofiber sequences of spaces}{}% 29
\BOOKMARK [2][-]{subsection.5.1}{Iterated fiber sequences}{section.5}% 30
\BOOKMARK [2][-]{subsection.5.2}{Cofiber sequences}{section.5}% 31
\BOOKMARK [2][-]{subsection.5.3}{Iterated cofiber sequences}{section.5}% 32
\BOOKMARK [2][-]{subsection.5.4}{Long exact sequences in homology and cohomology}{section.5}% 33
\BOOKMARK [1][-]{appendix.A}{More category theory: properties of morphisms}{}% 34
\BOOKMARK [2][-]{subsection.A.1}{Stability and closure definitions}{appendix.A}% 35
\BOOKMARK [2][-]{subsection.A.2}{Monomorphisms and epimorphisms}{appendix.A}% 36
\BOOKMARK [2][-]{subsection.A.3}{Properties of morphisms can induce properties of objects}{appendix.A}% 37
\BOOKMARK [2][-]{subsection.A.4}{Preservation properties under limits and colimits}{appendix.A}% 38
\BOOKMARK [2][-]{subsection.A.5}{Colimits and limits as functors}{appendix.A}% 39
\BOOKMARK [2][-]{subsection.A.6}{Filtered limits and colimits}{appendix.A}% 40
\BOOKMARK [1][-]{appendix.B}{Unsorted subsections on category theory}{}% 41
\BOOKMARK [2][-]{subsection.B.1}{Conventions}{appendix.B}% 42
\BOOKMARK [2][-]{subsection.B.2}{Laws for pullbacks and pushouts}{appendix.B}% 43
\BOOKMARK [1][-]{appendix.C}{Homotopy colimits}{}% 44
\BOOKMARK [2][-]{subsection.C.1}{Intro to homotopy colimits}{appendix.C}% 45
\BOOKMARK [2][-]{subsection.C.2}{Homotopy Invariance}{appendix.C}% 46
\BOOKMARK [2][-]{subsection.C.3}{Homotopy colimits coinciding with colimits}{appendix.C}% 47
